<?xml version="1.0" encoding="UTF-8"?>
<!-- Generated by org.testng.reporters.JUnitXMLReporter -->
<testsuite ignored="1" hostname="Anaya" failures="0" tests="1" name="Default test" time="7.765" errors="0" timestamp="2023-11-06T18:07:58 EST">
  <testcase classname="com.naveenautomationlab.AutomationFramework.RegisterAccountTest" name="validateWarningMessageIfTryingToRegisterWithoutEmail" time="2.5"/>
  <testcase classname="com.naveenautomationlab.AutomationFramework.RegisterAccountTest" name="validateWarningMessageIfTryingToRegisterWithRegistedEmail" time="0.0">
    <ignored/>
  </testcase> <!-- validateWarningMessageIfTryingToRegisterWithRegistedEmail -->
</testsuite> <!-- Default test -->
