<?xml version="1.0" encoding="UTF-8"?>
<!-- Generated by org.testng.reporters.JUnitXMLReporter -->
<testsuite ignored="0" hostname="Anaya" failures="0" tests="9" name="Test" time="66.97" errors="0" timestamp="2023-11-12T16:27:47 EST">
  <testcase classname="com.naveenautomationlab.AutomationFramework.MyAccountTest" name="test1" time="0.014"/>
  <testcase classname="com.naveenautomationlab.AutomationFramework.MyAccountTest" name="test2" time="0.001"/>
  <testcase classname="com.naveenautomationlab.AutomationFramework.MyAccountTest" name="validateChangePassword" time="3.489"/>
  <testcase classname="com.naveenautomationlab.AutomationFramework.MyAccountTest" name="validateLogin" time="1.819"/>
  <testcase classname="com.naveenautomationlab.AutomationFramework.YourStoreTest" name="validateImageSlideShow" time="0.063"/>
  <testcase classname="com.naveenautomationlab.AutomationFramework.YourAccountHasBeenCreatedTest" name="validateRegisterAccount" time="3.097"/>
  <testcase classname="com.naveenautomationlab.AutomationFramework.RegisterAccountTest" name="validateWarningMessageIfTryingToRegisterWithRegistedEmail" time="2.435"/>
  <testcase classname="com.naveenautomationlab.AutomationFramework.RegisterAccountTest" name="validateWarningMessageIfTryingToRegisterWithoutEmail" time="2.552"/>
  <testcase classname="com.naveenautomationlab.AutomationFramework.AddressBookTest" name="updatingAddress" time="6.203"/>
</testsuite> <!-- Test -->
