<?xml version="1.0" encoding="UTF-8"?>
<!-- Generated by org.testng.reporters.JUnitXMLReporter -->
<testsuite ignored="0" hostname="Anaya" failures="1" tests="8" name="Test" time="79.707" errors="0" timestamp="2023-07-16T07:57:18 EDT">
  <testcase classname="com.naveenautomationlab.AutomationFramework.YourOrderHasBeenPlacedTest" name="validateCustomerOrderprocess" time="18.697">
    <skipped/>
  </testcase> <!-- validateCustomerOrderprocess -->
  <testcase classname="com.naveenautomationlab.AutomationFramework.YourOrderHasBeenPlacedTest" name="validateCustomerOrderprocess" time="18.455">
    <failure type="org.openqa.selenium.TimeoutException" message="Expected condition failed: waiting for alert to be present (tried for 10 second(s) with 500 milliseconds interval)
Build info: version: &amp;apos;3.141.59&amp;apos;, revision: &amp;apos;e82be7d358&amp;apos;, time: &amp;apos;2018-11-14T08:17:03&amp;apos;
System info: host: &amp;apos;ANAYA&amp;apos;, ip: &amp;apos;192.168.2.198&amp;apos;, os.name: &amp;apos;Windows 11&amp;apos;, os.arch: &amp;apos;amd64&amp;apos;, os.version: &amp;apos;10.0&amp;apos;, java.version: &amp;apos;17.0.6&amp;apos;
Driver info: org.openqa.selenium.support.events.EventFiringWebDriver
Capabilities {acceptInsecureCerts: false, browserName: chrome, browserVersion: 114.0.5735.199, chrome: {chromedriverVersion: 114.0.5735.90 (386bc09e8f4f..., userDataDir: C:\Users\16477\AppData\Loca...}, goog:chromeOptions: {debuggerAddress: localhost:54247}, javascriptEnabled: true, networkConnectionEnabled: false, pageLoadStrategy: normal, platform: WINDOWS, platformName: WINDOWS, proxy: Proxy(), setWindowRect: true, strictFileInteractability: false, timeouts: {implicit: 0, pageLoad: 300000, script: 30000}, unhandledPromptBehavior: dismiss and notify, webauthn:extension:credBlob: true, webauthn:extension:largeBlob: true, webauthn:extension:minPinLength: true, webauthn:extension:prf: true, webauthn:virtualAuthenticators: true}
Session ID: f8042fa4ebd7df46c9094cd0f1722ef2">
      <![CDATA[org.openqa.selenium.TimeoutException: Expected condition failed: waiting for alert to be present (tried for 10 second(s) with 500 milliseconds interval)
Build info: version: '3.141.59', revision: 'e82be7d358', time: '2018-11-14T08:17:03'
System info: host: 'ANAYA', ip: '192.168.2.198', os.name: 'Windows 11', os.arch: 'amd64', os.version: '10.0', java.version: '17.0.6'
Driver info: org.openqa.selenium.support.events.EventFiringWebDriver
Capabilities {acceptInsecureCerts: false, browserName: chrome, browserVersion: 114.0.5735.199, chrome: {chromedriverVersion: 114.0.5735.90 (386bc09e8f4f..., userDataDir: C:\Users\16477\AppData\Loca...}, goog:chromeOptions: {debuggerAddress: localhost:54247}, javascriptEnabled: true, networkConnectionEnabled: false, pageLoadStrategy: normal, platform: WINDOWS, platformName: WINDOWS, proxy: Proxy(), setWindowRect: true, strictFileInteractability: false, timeouts: {implicit: 0, pageLoad: 300000, script: 30000}, unhandledPromptBehavior: dismiss and notify, webauthn:extension:credBlob: true, webauthn:extension:largeBlob: true, webauthn:extension:minPinLength: true, webauthn:extension:prf: true, webauthn:virtualAuthenticators: true}
Session ID: f8042fa4ebd7df46c9094cd0f1722ef2
at org.openqa.selenium.support.ui.WebDriverWait.timeoutException(WebDriverWait.java:95)
at org.openqa.selenium.support.ui.FluentWait.until(FluentWait.java:272)
at com.naveenautomationlab.AutomationFramework.YourOrderHasBeenPlacedTest.validateCustomerOrderprocess(YourOrderHasBeenPlacedTest.java:48)
at java.base/java.util.ArrayList.forEach(ArrayList.java:1511)
... Removed 27 stack frames]]>
    </failure>
  </testcase> <!-- validateCustomerOrderprocess -->
  <testcase classname="com.naveenautomationlab.AutomationFramework.MyAccountTest" name="test1" time="0.005"/>
  <testcase classname="com.naveenautomationlab.AutomationFramework.MyAccountTest" name="test2" time="0.002"/>
  <testcase classname="com.naveenautomationlab.AutomationFramework.MyAccountTest" name="validateChangePassword" time="3.28"/>
  <testcase classname="com.naveenautomationlab.AutomationFramework.MyAccountTest" name="validateLogin" time="1.823"/>
  <testcase classname="com.naveenautomationlab.AutomationFramework.YourStoreTest" name="validateImageSlideShow" time="0.08"/>
  <testcase classname="com.naveenautomationlab.AutomationFramework.MyWishListTest" name="validateProductStock" time="0.306"/>
</testsuite> <!-- Test -->
