<?xml version="1.0" encoding="UTF-8"?>
<testng-results ignored="1" total="2" passed="1" failed="0" skipped="0">
  <reporter-output>
  </reporter-output>
  <suite started-at="2023-11-06T18:07:50 EST" name="Default suite" finished-at="2023-11-06T18:07:58 EST" duration-ms="7765">
    <groups>
    </groups>
    <test started-at="2023-11-06T18:07:50 EST" name="Default test" finished-at="2023-11-06T18:07:58 EST" duration-ms="7765">
      <class name="com.naveenautomationlab.AutomationFramework.RegisterAccountTest">
        <test-method is-config="true" signature="setUpLogger()[pri:0, instance:com.naveenautomationlab.AutomationFramework.RegisterAccountTest@22ef9844]" started-at="2023-11-06T18:07:50 EST" name="setUpLogger" finished-at="2023-11-06T18:07:50 EST" duration-ms="138" status="PASS">
          <reporter-output>
          </reporter-output>
        </test-method> <!-- setUpLogger -->
        <test-method is-config="true" signature="setup()[pri:0, instance:com.naveenautomationlab.AutomationFramework.RegisterAccountTest@22ef9844]" started-at="2023-11-06T18:07:50 EST" name="setup" finished-at="2023-11-06T18:07:55 EST" duration-ms="5088" status="PASS">
          <reporter-output>
          </reporter-output>
        </test-method> <!-- setup -->
        <test-method signature="validateWarningMessageIfTryingToRegisterWithoutEmail()[pri:0, instance:com.naveenautomationlab.AutomationFramework.RegisterAccountTest@22ef9844]" started-at="2023-11-06T18:07:55 EST" name="validateWarningMessageIfTryingToRegisterWithoutEmail" finished-at="2023-11-06T18:07:58 EST" duration-ms="2500" status="PASS">
          <reporter-output>
          </reporter-output>
        </test-method> <!-- validateWarningMessageIfTryingToRegisterWithoutEmail -->
      </class> <!-- com.naveenautomationlab.AutomationFramework.RegisterAccountTest -->
    </test> <!-- Default test -->
  </suite> <!-- Default suite -->
</testng-results>
